<?xml version="1.0" encoding="UTF-8"?>
<testsuite name="com.fasecampus.projectboard.ProjectBoardApplicationTests" tests="1" skipped="0" failures="0" errors="0" timestamp="2024-01-31T05:35:48" hostname="BOOK-MOK08AGI0U" time="0.775">
  <properties/>
  <testcase name="contextLoads()" classname="com.fasecampus.projectboard.ProjectBoardApplicationTests" time="0.775"/>
  <system-out><![CDATA[14:35:45.717 [Test worker] INFO org.springframework.test.context.support.AnnotationConfigContextLoaderUtils -- Could not detect default configuration classes for test class [com.fasecampus.projectboard.ProjectBoardApplicationTests]: ProjectBoardApplicationTests does not declare any static, non-private, non-final, nested classes annotated with @Configuration.
14:35:45.832 [Test worker] INFO org.springframework.boot.test.context.SpringBootTestContextBootstrapper -- Found @SpringBootConfiguration com.fasecampus.projectboard.ProjectBoardApplication for test class com.fasecampus.projectboard.ProjectBoardApplicationTests

  .   ____          _            __ _ _
 /\\ / ___'_ __ _ _(_)_ __  __ _ \ \ \ \
( ( )\___ | '_ | '_| | '_ \/ _` | \ \ \ \
 \\/  ___)| |_)| | | | | || (_| |  ) ) ) )
  '  |____| .__|_| |_|_| |_\__, | / / / /
 =========|_|==============|___/=/_/_/_/
 :: Spring Boot ::                (v3.2.2)

2024-01-31T14:35:46.223+09:00  INFO 17016 --- [    Test worker] c.f.p.ProjectBoardApplicationTests       : Starting ProjectBoardApplicationTests using Java 17 with PID 17016 (started by User in D:\workspace\FastCampus\default_board\fastcampus-project-board\project-board)
2024-01-31T14:35:46.224+09:00  INFO 17016 --- [    Test worker] c.f.p.ProjectBoardApplicationTests       : No active profile set, falling back to 1 default profile: "default"
2024-01-31T14:35:47.901+09:00  INFO 17016 --- [    Test worker] o.s.b.a.e.web.EndpointLinksResolver      : Exposing 1 endpoint(s) beneath base path '/actuator'
2024-01-31T14:35:47.964+09:00  INFO 17016 --- [    Test worker] c.f.p.ProjectBoardApplicationTests       : Started ProjectBoardApplicationTests in 1.972 seconds (process running for 3.483)
]]></system-out>
  <system-err><![CDATA[]]></system-err>
</testsuite>
